17:34:45.047 [main] INFO  n.e.journalApp.JournalApplication - Starting JournalApplication using Java 17.0.17 with PID 9508 (E:\flutter_windows_3.19.4-stable\journalApp\target\classes started by Yash in E:\flutter_windows_3.19.4-stable\journalApp)
17:34:45.050 [main] INFO  n.e.journalApp.JournalApplication - The following 1 profile is active: "dev"
17:34:47.265 [main] INFO  o.s.d.r.c.RepositoryConfigurationDelegate - Bootstrapping Spring Data MongoDB repositories in DEFAULT mode.
17:34:47.528 [main] INFO  o.s.d.r.c.RepositoryConfigurationDelegate - Finished Spring Data repository scanning in 229 ms. Found 2 MongoDB repository interfaces.
17:34:49.115 [main] INFO  o.s.b.w.e.tomcat.TomcatWebServer - Tomcat initialized with port 8080 (http)
17:34:49.142 [main] INFO  o.a.coyote.http11.Http11NioProtocol - Initializing ProtocolHandler ["http-nio-8080"]
17:34:49.151 [main] INFO  o.a.catalina.core.StandardService - Starting service [Tomcat]
17:34:49.152 [main] INFO  o.a.catalina.core.StandardEngine - Starting Servlet engine: [Apache Tomcat/10.1.30]
17:34:49.339 [main] INFO  o.a.c.c.C.[Tomcat].[localhost].[/] - Initializing Spring embedded WebApplicationContext
17:34:49.341 [main] INFO  o.s.b.w.s.c.ServletWebServerApplicationContext - Root WebApplicationContext: initialization completed in 4216 ms
17:34:49.822 [cluster-ClusterId{value='695662e1c0112d1ffeab6d17', description='Cluster0'}-srv-cluster0.ofgdpxv.mongodb.net] INFO  org.mongodb.driver.cluster - Adding discovered server ac-l6uagqo-shard-00-02.ofgdpxv.mongodb.net:27017 to client view of cluster
17:34:49.889 [main] INFO  org.mongodb.driver.client - MongoClient with metadata {"application": {"name": "Cluster0"}, "driver": {"name": "mongo-java-driver|sync|spring-boot", "version": "5.0.1"}, "os": {"type": "Windows", "name": "Windows 10", "architecture": "amd64", "version": "10.0"}, "platform": "Java/Microsoft/17.0.17+10-LTS"} created with settings MongoClientSettings{readPreference=primary, writeConcern=WriteConcern{w=null, wTimeout=null ms, journal=null}, retryWrites=true, retryReads=true, readConcern=ReadConcern{level=null}, credential=MongoCredential{mechanism=null, userName='yashu17052000', source='admin', password=<hidden>, mechanismProperties=<hidden>}, transportSettings=null, commandListeners=[], codecRegistry=ProvidersCodecRegistry{codecProviders=[ValueCodecProvider{}, BsonValueCodecProvider{}, DBRefCodecProvider{}, DBObjectCodecProvider{}, DocumentCodecProvider{}, CollectionCodecProvider{}, IterableCodecProvider{}, MapCodecProvider{}, GeoJsonCodecProvider{}, GridFSFileCodecProvider{}, Jsr310CodecProvider{}, JsonObjectCodecProvider{}, BsonCodecProvider{}, EnumCodecProvider{}, com.mongodb.client.model.mql.ExpressionCodecProvider@4a50d04a, com.mongodb.Jep395RecordCodecProvider@5099c59b, com.mongodb.KotlinCodecProvider@73c31181]}, loggerSettings=LoggerSettings{maxDocumentLength=1000}, clusterSettings={hosts=[127.0.0.1:27017], srvHost=cluster0.ofgdpxv.mongodb.net, srvServiceName=mongodb, mode=MULTIPLE, requiredClusterType=REPLICA_SET, requiredReplicaSetName='atlas-nbt1cq-shard-0', serverSelector='null', clusterListeners='[]', serverSelectionTimeout='30000 ms', localThreshold='15 ms'}, socketSettings=SocketSettings{connectTimeoutMS=10000, readTimeoutMS=0, receiveBufferSize=0, proxySettings=ProxySettings{host=null, port=null, username=null, password=null}}, heartbeatSocketSettings=SocketSettings{connectTimeoutMS=10000, readTimeoutMS=10000, receiveBufferSize=0, proxySettings=ProxySettings{host=null, port=null, username=null, password=null}}, connectionPoolSettings=ConnectionPoolSettings{maxSize=100, minSize=0, maxWaitTimeMS=120000, maxConnectionLifeTimeMS=0, maxConnectionIdleTimeMS=0, maintenanceInitialDelayMS=0, maintenanceFrequencyMS=60000, connectionPoolListeners=[], maxConnecting=2}, serverSettings=ServerSettings{heartbeatFrequencyMS=10000, minHeartbeatFrequencyMS=500, serverListeners='[]', serverMonitorListeners='[]'}, sslSettings=SslSettings{enabled=true, invalidHostNameAllowed=false, context=null}, applicationName='Cluster0', compressorList=[], uuidRepresentation=JAVA_LEGACY, serverApi=null, autoEncryptionSettings=null, dnsClient=null, inetAddressResolver=null, contextProvider=null}
17:34:49.898 [cluster-ClusterId{value='695662e1c0112d1ffeab6d17', description='Cluster0'}-srv-cluster0.ofgdpxv.mongodb.net] INFO  org.mongodb.driver.cluster - Adding discovered server ac-l6uagqo-shard-00-01.ofgdpxv.mongodb.net:27017 to client view of cluster
17:34:49.908 [cluster-ClusterId{value='695662e1c0112d1ffeab6d17', description='Cluster0'}-srv-cluster0.ofgdpxv.mongodb.net] INFO  org.mongodb.driver.cluster - Adding discovered server ac-l6uagqo-shard-00-00.ofgdpxv.mongodb.net:27017 to client view of cluster
17:34:51.099 [cluster-ClusterId{value='695662e1c0112d1ffeab6d17', description='Cluster0'}-ac-l6uagqo-shard-00-01.ofgdpxv.mongodb.net:27017] INFO  org.mongodb.driver.cluster - Monitor thread successfully connected to server with description ServerDescription{address=ac-l6uagqo-shard-00-01.ofgdpxv.mongodb.net:27017, type=REPLICA_SET_SECONDARY, state=CONNECTED, ok=true, minWireVersion=0, maxWireVersion=25, maxDocumentSize=16777216, logicalSessionTimeoutMinutes=30, roundTripTimeNanos=547283700, setName='atlas-nbt1cq-shard-0', canonicalAddress=ac-l6uagqo-shard-00-01.ofgdpxv.mongodb.net:27017, hosts=[ac-l6uagqo-shard-00-02.ofgdpxv.mongodb.net:27017, ac-l6uagqo-shard-00-01.ofgdpxv.mongodb.net:27017, ac-l6uagqo-shard-00-00.ofgdpxv.mongodb.net:27017], passives=[], arbiters=[], primary='ac-l6uagqo-shard-00-02.ofgdpxv.mongodb.net:27017', tagSet=TagSet{[Tag{name='availabilityZone', value='aps1-az3'}, Tag{name='diskState', value='READY'}, Tag{name='nodeType', value='ELECTABLE'}, Tag{name='provider', value='AWS'}, Tag{name='region', value='AP_SOUTH_1'}, Tag{name='workloadType', value='OPERATIONAL'}]}, electionId=null, setVersion=25, topologyVersion=TopologyVersion{processId=6942c658938e561306a68996, counter=3}, lastWriteDate=Thu Jan 01 17:34:49 IST 2026, lastUpdateTimeNanos=246043813686800}
17:34:51.100 [cluster-ClusterId{value='695662e1c0112d1ffeab6d17', description='Cluster0'}-ac-l6uagqo-shard-00-00.ofgdpxv.mongodb.net:27017] INFO  org.mongodb.driver.cluster - Monitor thread successfully connected to server with description ServerDescription{address=ac-l6uagqo-shard-00-00.ofgdpxv.mongodb.net:27017, type=REPLICA_SET_SECONDARY, state=CONNECTED, ok=true, minWireVersion=0, maxWireVersion=25, maxDocumentSize=16777216, logicalSessionTimeoutMinutes=30, roundTripTimeNanos=550306300, setName='atlas-nbt1cq-shard-0', canonicalAddress=ac-l6uagqo-shard-00-00.ofgdpxv.mongodb.net:27017, hosts=[ac-l6uagqo-shard-00-02.ofgdpxv.mongodb.net:27017, ac-l6uagqo-shard-00-01.ofgdpxv.mongodb.net:27017, ac-l6uagqo-shard-00-00.ofgdpxv.mongodb.net:27017], passives=[], arbiters=[], primary='ac-l6uagqo-shard-00-02.ofgdpxv.mongodb.net:27017', tagSet=TagSet{[Tag{name='availabilityZone', value='aps1-az1'}, Tag{name='diskState', value='READY'}, Tag{name='nodeType', value='ELECTABLE'}, Tag{name='provider', value='AWS'}, Tag{name='region', value='AP_SOUTH_1'}, Tag{name='workloadType', value='OPERATIONAL'}]}, electionId=null, setVersion=25, topologyVersion=TopologyVersion{processId=6942c5d97988b55e4477065e, counter=4}, lastWriteDate=Thu Jan 01 17:34:49 IST 2026, lastUpdateTimeNanos=246043816718900}
17:34:51.118 [cluster-ClusterId{value='695662e1c0112d1ffeab6d17', description='Cluster0'}-ac-l6uagqo-shard-00-02.ofgdpxv.mongodb.net:27017] INFO  org.mongodb.driver.cluster - Monitor thread successfully connected to server with description ServerDescription{address=ac-l6uagqo-shard-00-02.ofgdpxv.mongodb.net:27017, type=REPLICA_SET_PRIMARY, state=CONNECTED, ok=true, minWireVersion=0, maxWireVersion=25, maxDocumentSize=16777216, logicalSessionTimeoutMinutes=30, roundTripTimeNanos=562556100, setName='atlas-nbt1cq-shard-0', canonicalAddress=ac-l6uagqo-shard-00-02.ofgdpxv.mongodb.net:27017, hosts=[ac-l6uagqo-shard-00-02.ofgdpxv.mongodb.net:27017, ac-l6uagqo-shard-00-01.ofgdpxv.mongodb.net:27017, ac-l6uagqo-shard-00-00.ofgdpxv.mongodb.net:27017], passives=[], arbiters=[], primary='ac-l6uagqo-shard-00-02.ofgdpxv.mongodb.net:27017', tagSet=TagSet{[Tag{name='availabilityZone', value='aps1-az2'}, Tag{name='diskState', value='READY'}, Tag{name='nodeType', value='ELECTABLE'}, Tag{name='provider', value='AWS'}, Tag{name='region', value='AP_SOUTH_1'}, Tag{name='workloadType', value='OPERATIONAL'}]}, electionId=7fffffff0000000000000041, setVersion=25, topologyVersion=TopologyVersion{processId=6942c6184360ab72e844d178, counter=6}, lastWriteDate=Thu Jan 01 17:34:49 IST 2026, lastUpdateTimeNanos=246043828916800}
17:34:51.119 [cluster-ClusterId{value='695662e1c0112d1ffeab6d17', description='Cluster0'}-ac-l6uagqo-shard-00-02.ofgdpxv.mongodb.net:27017] INFO  org.mongodb.driver.cluster - Discovered replica set primary ac-l6uagqo-shard-00-02.ofgdpxv.mongodb.net:27017 with max election id 7fffffff0000000000000041 and max set version 25
17:34:51.618 [main] WARN  o.s.s.c.a.a.c.InitializeUserDetailsBeanManagerConfigurer$InitializeUserDetailsManagerConfigurer - Global AuthenticationManager configured with an AuthenticationProvider bean. UserDetailsService beans will not be used for username/password login. Consider removing the AuthenticationProvider bean. Alternatively, consider using the UserDetailsService in a manually instantiated DaoAuthenticationProvider.
17:34:52.597 [main] INFO  o.a.coyote.http11.Http11NioProtocol - Starting ProtocolHandler ["http-nio-8080"]
17:34:52.637 [main] INFO  o.s.b.w.e.tomcat.TomcatWebServer - Tomcat started on port 8080 (http) with context path '/'
17:34:52.664 [main] INFO  n.e.journalApp.JournalApplication - Started JournalApplication in 8.174 seconds (process running for 8.978)
18:19:53.579 [cluster-ClusterId{value='695662e1c0112d1ffeab6d17', description='Cluster0'}-ac-l6uagqo-shard-00-02.ofgdpxv.mongodb.net:27017] INFO  org.mongodb.driver.cluster - Exception in monitor thread while connecting to server ac-l6uagqo-shard-00-02.ofgdpxv.mongodb.net:27017
com.mongodb.MongoSocketReadException: Exception receiving message
	at com.mongodb.internal.connection.InternalStreamConnection.translateReadException(InternalStreamConnection.java:707)
	at com.mongodb.internal.connection.InternalStreamConnection.receiveMessageWithAdditionalTimeout(InternalStreamConnection.java:583)
	at com.mongodb.internal.connection.InternalStreamConnection.receiveCommandMessageResponse(InternalStreamConnection.java:428)
	at com.mongodb.internal.connection.InternalStreamConnection.receive(InternalStreamConnection.java:381)
	at com.mongodb.internal.connection.DefaultServerMonitor$ServerMonitorRunnable.lookupServerDescription(DefaultServerMonitor.java:221)
	at com.mongodb.internal.connection.DefaultServerMonitor$ServerMonitorRunnable.run(DefaultServerMonitor.java:153)
	at java.base/java.lang.Thread.run(Thread.java:840)
Caused by: java.net.SocketException: Connection reset
	at java.base/sun.nio.ch.NioSocketImpl.implRead(NioSocketImpl.java:328)
	at java.base/sun.nio.ch.NioSocketImpl.read(NioSocketImpl.java:355)
	at java.base/sun.nio.ch.NioSocketImpl$1.read(NioSocketImpl.java:808)
	at java.base/java.net.Socket$SocketInputStream.read(Socket.java:966)
	at java.base/sun.security.ssl.SSLSocketInputRecord.read(SSLSocketInputRecord.java:484)
	at java.base/sun.security.ssl.SSLSocketInputRecord.readHeader(SSLSocketInputRecord.java:478)
	at java.base/sun.security.ssl.SSLSocketInputRecord.bytesInCompletePacket(SSLSocketInputRecord.java:70)
	at java.base/sun.security.ssl.SSLSocketImpl.readApplicationRecord(SSLSocketImpl.java:1465)
	at java.base/sun.security.ssl.SSLSocketImpl$AppInputStream.read(SSLSocketImpl.java:1069)
	at com.mongodb.internal.connection.SocketStream.read(SocketStream.java:176)
	at com.mongodb.internal.connection.SocketStream.read(SocketStream.java:196)
	at com.mongodb.internal.connection.InternalStreamConnection.receiveResponseBuffers(InternalStreamConnection.java:716)
	at com.mongodb.internal.connection.InternalStreamConnection.receiveMessageWithAdditionalTimeout(InternalStreamConnection.java:580)
	... 5 common frames omitted
18:19:53.579 [cluster-ClusterId{value='695662e1c0112d1ffeab6d17', description='Cluster0'}-ac-l6uagqo-shard-00-01.ofgdpxv.mongodb.net:27017] INFO  org.mongodb.driver.cluster - Exception in monitor thread while connecting to server ac-l6uagqo-shard-00-01.ofgdpxv.mongodb.net:27017
com.mongodb.MongoSocketReadException: Exception receiving message
	at com.mongodb.internal.connection.InternalStreamConnection.translateReadException(InternalStreamConnection.java:707)
	at com.mongodb.internal.connection.InternalStreamConnection.receiveMessageWithAdditionalTimeout(InternalStreamConnection.java:583)
	at com.mongodb.internal.connection.InternalStreamConnection.receiveCommandMessageResponse(InternalStreamConnection.java:428)
	at com.mongodb.internal.connection.InternalStreamConnection.receive(InternalStreamConnection.java:381)
	at com.mongodb.internal.connection.DefaultServerMonitor$ServerMonitorRunnable.lookupServerDescription(DefaultServerMonitor.java:221)
	at com.mongodb.internal.connection.DefaultServerMonitor$ServerMonitorRunnable.run(DefaultServerMonitor.java:153)
	at java.base/java.lang.Thread.run(Thread.java:840)
Caused by: java.net.SocketException: Connection reset
	at java.base/sun.nio.ch.NioSocketImpl.implRead(NioSocketImpl.java:328)
	at java.base/sun.nio.ch.NioSocketImpl.read(NioSocketImpl.java:355)
	at java.base/sun.nio.ch.NioSocketImpl$1.read(NioSocketImpl.java:808)
	at java.base/java.net.Socket$SocketInputStream.read(Socket.java:966)
	at java.base/sun.security.ssl.SSLSocketInputRecord.read(SSLSocketInputRecord.java:484)
	at java.base/sun.security.ssl.SSLSocketInputRecord.readHeader(SSLSocketInputRecord.java:478)
	at java.base/sun.security.ssl.SSLSocketInputRecord.bytesInCompletePacket(SSLSocketInputRecord.java:70)
	at java.base/sun.security.ssl.SSLSocketImpl.readApplicationRecord(SSLSocketImpl.java:1465)
	at java.base/sun.security.ssl.SSLSocketImpl$AppInputStream.read(SSLSocketImpl.java:1069)
	at com.mongodb.internal.connection.SocketStream.read(SocketStream.java:176)
	at com.mongodb.internal.connection.SocketStream.read(SocketStream.java:196)
	at com.mongodb.internal.connection.InternalStreamConnection.receiveResponseBuffers(InternalStreamConnection.java:716)
	at com.mongodb.internal.connection.InternalStreamConnection.receiveMessageWithAdditionalTimeout(InternalStreamConnection.java:580)
	... 5 common frames omitted
18:19:53.579 [cluster-ClusterId{value='695662e1c0112d1ffeab6d17', description='Cluster0'}-ac-l6uagqo-shard-00-00.ofgdpxv.mongodb.net:27017] INFO  org.mongodb.driver.cluster - Exception in monitor thread while connecting to server ac-l6uagqo-shard-00-00.ofgdpxv.mongodb.net:27017
com.mongodb.MongoSocketReadException: Exception receiving message
	at com.mongodb.internal.connection.InternalStreamConnection.translateReadException(InternalStreamConnection.java:707)
	at com.mongodb.internal.connection.InternalStreamConnection.receiveMessageWithAdditionalTimeout(InternalStreamConnection.java:583)
	at com.mongodb.internal.connection.InternalStreamConnection.receiveCommandMessageResponse(InternalStreamConnection.java:428)
	at com.mongodb.internal.connection.InternalStreamConnection.receive(InternalStreamConnection.java:381)
	at com.mongodb.internal.connection.DefaultServerMonitor$ServerMonitorRunnable.lookupServerDescription(DefaultServerMonitor.java:221)
	at com.mongodb.internal.connection.DefaultServerMonitor$ServerMonitorRunnable.run(DefaultServerMonitor.java:153)
	at java.base/java.lang.Thread.run(Thread.java:840)
Caused by: java.net.SocketException: Connection reset
	at java.base/sun.nio.ch.NioSocketImpl.implRead(NioSocketImpl.java:328)
	at java.base/sun.nio.ch.NioSocketImpl.read(NioSocketImpl.java:355)
	at java.base/sun.nio.ch.NioSocketImpl$1.read(NioSocketImpl.java:808)
	at java.base/java.net.Socket$SocketInputStream.read(Socket.java:966)
	at java.base/sun.security.ssl.SSLSocketInputRecord.read(SSLSocketInputRecord.java:484)
	at java.base/sun.security.ssl.SSLSocketInputRecord.readHeader(SSLSocketInputRecord.java:478)
	at java.base/sun.security.ssl.SSLSocketInputRecord.bytesInCompletePacket(SSLSocketInputRecord.java:70)
	at java.base/sun.security.ssl.SSLSocketImpl.readApplicationRecord(SSLSocketImpl.java:1465)
	at java.base/sun.security.ssl.SSLSocketImpl$AppInputStream.read(SSLSocketImpl.java:1069)
	at com.mongodb.internal.connection.SocketStream.read(SocketStream.java:176)
	at com.mongodb.internal.connection.SocketStream.read(SocketStream.java:196)
	at com.mongodb.internal.connection.InternalStreamConnection.receiveResponseBuffers(InternalStreamConnection.java:716)
	at com.mongodb.internal.connection.InternalStreamConnection.receiveMessageWithAdditionalTimeout(InternalStreamConnection.java:580)
	... 5 common frames omitted
18:19:53.766 [cluster-ClusterId{value='695662e1c0112d1ffeab6d17', description='Cluster0'}-ac-l6uagqo-shard-00-01.ofgdpxv.mongodb.net:27017] INFO  org.mongodb.driver.cluster - Monitor thread successfully connected to server with description ServerDescription{address=ac-l6uagqo-shard-00-01.ofgdpxv.mongodb.net:27017, type=REPLICA_SET_SECONDARY, state=CONNECTED, ok=true, minWireVersion=0, maxWireVersion=25, maxDocumentSize=16777216, logicalSessionTimeoutMinutes=30, roundTripTimeNanos=116304000, setName='atlas-nbt1cq-shard-0', canonicalAddress=ac-l6uagqo-shard-00-01.ofgdpxv.mongodb.net:27017, hosts=[ac-l6uagqo-shard-00-02.ofgdpxv.mongodb.net:27017, ac-l6uagqo-shard-00-01.ofgdpxv.mongodb.net:27017, ac-l6uagqo-shard-00-00.ofgdpxv.mongodb.net:27017], passives=[], arbiters=[], primary='ac-l6uagqo-shard-00-02.ofgdpxv.mongodb.net:27017', tagSet=TagSet{[Tag{name='availabilityZone', value='aps1-az3'}, Tag{name='diskState', value='READY'}, Tag{name='nodeType', value='ELECTABLE'}, Tag{name='provider', value='AWS'}, Tag{name='region', value='AP_SOUTH_1'}, Tag{name='workloadType', value='OPERATIONAL'}]}, electionId=null, setVersion=25, topologyVersion=TopologyVersion{processId=6942c658938e561306a68996, counter=3}, lastWriteDate=Thu Jan 01 18:19:51 IST 2026, lastUpdateTimeNanos=248746494408800}
18:19:53.776 [cluster-ClusterId{value='695662e1c0112d1ffeab6d17', description='Cluster0'}-ac-l6uagqo-shard-00-02.ofgdpxv.mongodb.net:27017] INFO  org.mongodb.driver.cluster - Monitor thread successfully connected to server with description ServerDescription{address=ac-l6uagqo-shard-00-02.ofgdpxv.mongodb.net:27017, type=REPLICA_SET_PRIMARY, state=CONNECTED, ok=true, minWireVersion=0, maxWireVersion=25, maxDocumentSize=16777216, logicalSessionTimeoutMinutes=30, roundTripTimeNanos=125506500, setName='atlas-nbt1cq-shard-0', canonicalAddress=ac-l6uagqo-shard-00-02.ofgdpxv.mongodb.net:27017, hosts=[ac-l6uagqo-shard-00-02.ofgdpxv.mongodb.net:27017, ac-l6uagqo-shard-00-01.ofgdpxv.mongodb.net:27017, ac-l6uagqo-shard-00-00.ofgdpxv.mongodb.net:27017], passives=[], arbiters=[], primary='ac-l6uagqo-shard-00-02.ofgdpxv.mongodb.net:27017', tagSet=TagSet{[Tag{name='availabilityZone', value='aps1-az2'}, Tag{name='diskState', value='READY'}, Tag{name='nodeType', value='ELECTABLE'}, Tag{name='provider', value='AWS'}, Tag{name='region', value='AP_SOUTH_1'}, Tag{name='workloadType', value='OPERATIONAL'}]}, electionId=7fffffff0000000000000041, setVersion=25, topologyVersion=TopologyVersion{processId=6942c6184360ab72e844d178, counter=6}, lastWriteDate=Thu Jan 01 18:19:51 IST 2026, lastUpdateTimeNanos=248746503611500}
18:19:53.776 [cluster-ClusterId{value='695662e1c0112d1ffeab6d17', description='Cluster0'}-ac-l6uagqo-shard-00-02.ofgdpxv.mongodb.net:27017] INFO  org.mongodb.driver.cluster - Discovered replica set primary ac-l6uagqo-shard-00-02.ofgdpxv.mongodb.net:27017 with max election id 7fffffff0000000000000041 and max set version 25
18:19:53.778 [cluster-ClusterId{value='695662e1c0112d1ffeab6d17', description='Cluster0'}-ac-l6uagqo-shard-00-00.ofgdpxv.mongodb.net:27017] INFO  org.mongodb.driver.cluster - Monitor thread successfully connected to server with description ServerDescription{address=ac-l6uagqo-shard-00-00.ofgdpxv.mongodb.net:27017, type=REPLICA_SET_SECONDARY, state=CONNECTED, ok=true, minWireVersion=0, maxWireVersion=25, maxDocumentSize=16777216, logicalSessionTimeoutMinutes=30, roundTripTimeNanos=127508900, setName='atlas-nbt1cq-shard-0', canonicalAddress=ac-l6uagqo-shard-00-00.ofgdpxv.mongodb.net:27017, hosts=[ac-l6uagqo-shard-00-02.ofgdpxv.mongodb.net:27017, ac-l6uagqo-shard-00-01.ofgdpxv.mongodb.net:27017, ac-l6uagqo-shard-00-00.ofgdpxv.mongodb.net:27017], passives=[], arbiters=[], primary='ac-l6uagqo-shard-00-02.ofgdpxv.mongodb.net:27017', tagSet=TagSet{[Tag{name='availabilityZone', value='aps1-az1'}, Tag{name='diskState', value='READY'}, Tag{name='nodeType', value='ELECTABLE'}, Tag{name='provider', value='AWS'}, Tag{name='region', value='AP_SOUTH_1'}, Tag{name='workloadType', value='OPERATIONAL'}]}, electionId=null, setVersion=25, topologyVersion=TopologyVersion{processId=6942c5d97988b55e4477065e, counter=4}, lastWriteDate=Thu Jan 01 18:19:51 IST 2026, lastUpdateTimeNanos=248746505614100}
19:01:34.005 [main] INFO  n.e.journalApp.JournalApplication - Starting JournalApplication using Java 17.0.17 with PID 8152 (E:\flutter_windows_3.19.4-stable\journalApp\target\classes started by Yash in E:\flutter_windows_3.19.4-stable\journalApp)
19:01:34.005 [main] INFO  n.e.journalApp.JournalApplication - The following 1 profile is active: "dev"
19:01:36.611 [main] INFO  o.s.d.r.c.RepositoryConfigurationDelegate - Bootstrapping Spring Data MongoDB repositories in DEFAULT mode.
19:01:36.783 [main] INFO  o.s.d.r.c.RepositoryConfigurationDelegate - Finished Spring Data repository scanning in 160 ms. Found 2 MongoDB repository interfaces.
19:01:38.432 [main] INFO  o.s.b.w.e.tomcat.TomcatWebServer - Tomcat initialized with port 8080 (http)
19:42:10.827 [main] INFO  o.a.coyote.http11.Http11NioProtocol - Initializing ProtocolHandler ["http-nio-8080"]
19:42:10.843 [main] INFO  o.a.catalina.core.StandardService - Starting service [Tomcat]
19:42:10.843 [main] INFO  o.a.catalina.core.StandardEngine - Starting Servlet engine: [Apache Tomcat/10.1.30]
19:42:11.094 [main] INFO  o.a.c.c.C.[Tomcat].[localhost].[/] - Initializing Spring embedded WebApplicationContext
19:42:11.094 [main] INFO  o.s.b.w.s.c.ServletWebServerApplicationContext - Root WebApplicationContext: initialization completed in 2436744 ms
19:42:15.422 [cluster-ClusterId{value='695680bf75f1115be4332d42', description='Cluster0'}-srv-cluster0.ofgdpxv.mongodb.net] INFO  org.mongodb.driver.cluster - Adding discovered server ac-l6uagqo-shard-00-02.ofgdpxv.mongodb.net:27017 to client view of cluster
19:42:15.501 [main] INFO  org.mongodb.driver.client - MongoClient with metadata {"application": {"name": "Cluster0"}, "driver": {"name": "mongo-java-driver|sync|spring-boot", "version": "5.0.1"}, "os": {"type": "Windows", "name": "Windows 10", "architecture": "amd64", "version": "10.0"}, "platform": "Java/Microsoft/17.0.17+10-LTS"} created with settings MongoClientSettings{readPreference=primary, writeConcern=WriteConcern{w=null, wTimeout=null ms, journal=null}, retryWrites=true, retryReads=true, readConcern=ReadConcern{level=null}, credential=MongoCredential{mechanism=null, userName='yashu17052000', source='admin', password=<hidden>, mechanismProperties=<hidden>}, transportSettings=null, commandListeners=[], codecRegistry=ProvidersCodecRegistry{codecProviders=[ValueCodecProvider{}, BsonValueCodecProvider{}, DBRefCodecProvider{}, DBObjectCodecProvider{}, DocumentCodecProvider{}, CollectionCodecProvider{}, IterableCodecProvider{}, MapCodecProvider{}, GeoJsonCodecProvider{}, GridFSFileCodecProvider{}, Jsr310CodecProvider{}, JsonObjectCodecProvider{}, BsonCodecProvider{}, EnumCodecProvider{}, com.mongodb.client.model.mql.ExpressionCodecProvider@472d0f4, com.mongodb.Jep395RecordCodecProvider@4bc59b27, com.mongodb.KotlinCodecProvider@4d7a64ca]}, loggerSettings=LoggerSettings{maxDocumentLength=1000}, clusterSettings={hosts=[127.0.0.1:27017], srvHost=cluster0.ofgdpxv.mongodb.net, srvServiceName=mongodb, mode=MULTIPLE, requiredClusterType=REPLICA_SET, requiredReplicaSetName='atlas-nbt1cq-shard-0', serverSelector='null', clusterListeners='[]', serverSelectionTimeout='30000 ms', localThreshold='15 ms'}, socketSettings=SocketSettings{connectTimeoutMS=10000, readTimeoutMS=0, receiveBufferSize=0, proxySettings=ProxySettings{host=null, port=null, username=null, password=null}}, heartbeatSocketSettings=SocketSettings{connectTimeoutMS=10000, readTimeoutMS=10000, receiveBufferSize=0, proxySettings=ProxySettings{host=null, port=null, username=null, password=null}}, connectionPoolSettings=ConnectionPoolSettings{maxSize=100, minSize=0, maxWaitTimeMS=120000, maxConnectionLifeTimeMS=0, maxConnectionIdleTimeMS=0, maintenanceInitialDelayMS=0, maintenanceFrequencyMS=60000, connectionPoolListeners=[], maxConnecting=2}, serverSettings=ServerSettings{heartbeatFrequencyMS=10000, minHeartbeatFrequencyMS=500, serverListeners='[]', serverMonitorListeners='[]'}, sslSettings=SslSettings{enabled=true, invalidHostNameAllowed=false, context=null}, applicationName='Cluster0', compressorList=[], uuidRepresentation=JAVA_LEGACY, serverApi=null, autoEncryptionSettings=null, dnsClient=null, inetAddressResolver=null, contextProvider=null}
19:42:15.579 [cluster-ClusterId{value='695680bf75f1115be4332d42', description='Cluster0'}-srv-cluster0.ofgdpxv.mongodb.net] INFO  org.mongodb.driver.cluster - Adding discovered server ac-l6uagqo-shard-00-00.ofgdpxv.mongodb.net:27017 to client view of cluster
19:42:15.610 [cluster-ClusterId{value='695680bf75f1115be4332d42', description='Cluster0'}-srv-cluster0.ofgdpxv.mongodb.net] INFO  org.mongodb.driver.cluster - Adding discovered server ac-l6uagqo-shard-00-01.ofgdpxv.mongodb.net:27017 to client view of cluster
19:42:17.257 [cluster-ClusterId{value='695680bf75f1115be4332d42', description='Cluster0'}-ac-l6uagqo-shard-00-00.ofgdpxv.mongodb.net:27017] INFO  org.mongodb.driver.cluster - Monitor thread successfully connected to server with description ServerDescription{address=ac-l6uagqo-shard-00-00.ofgdpxv.mongodb.net:27017, type=REPLICA_SET_SECONDARY, state=CONNECTED, ok=true, minWireVersion=0, maxWireVersion=25, maxDocumentSize=16777216, logicalSessionTimeoutMinutes=30, roundTripTimeNanos=609106400, setName='atlas-nbt1cq-shard-0', canonicalAddress=ac-l6uagqo-shard-00-00.ofgdpxv.mongodb.net:27017, hosts=[ac-l6uagqo-shard-00-02.ofgdpxv.mongodb.net:27017, ac-l6uagqo-shard-00-01.ofgdpxv.mongodb.net:27017, ac-l6uagqo-shard-00-00.ofgdpxv.mongodb.net:27017], passives=[], arbiters=[], primary='ac-l6uagqo-shard-00-02.ofgdpxv.mongodb.net:27017', tagSet=TagSet{[Tag{name='availabilityZone', value='aps1-az1'}, Tag{name='diskState', value='READY'}, Tag{name='nodeType', value='ELECTABLE'}, Tag{name='provider', value='AWS'}, Tag{name='region', value='AP_SOUTH_1'}, Tag{name='workloadType', value='OPERATIONAL'}]}, electionId=null, setVersion=25, topologyVersion=TopologyVersion{processId=6942c5d97988b55e4477065e, counter=4}, lastWriteDate=Thu Jan 01 19:42:16 IST 2026, lastUpdateTimeNanos=4631184571200}
19:42:17.257 [cluster-ClusterId{value='695680bf75f1115be4332d42', description='Cluster0'}-ac-l6uagqo-shard-00-01.ofgdpxv.mongodb.net:27017] INFO  org.mongodb.driver.cluster - Monitor thread successfully connected to server with description ServerDescription{address=ac-l6uagqo-shard-00-01.ofgdpxv.mongodb.net:27017, type=REPLICA_SET_SECONDARY, state=CONNECTED, ok=true, minWireVersion=0, maxWireVersion=25, maxDocumentSize=16777216, logicalSessionTimeoutMinutes=30, roundTripTimeNanos=610815400, setName='atlas-nbt1cq-shard-0', canonicalAddress=ac-l6uagqo-shard-00-01.ofgdpxv.mongodb.net:27017, hosts=[ac-l6uagqo-shard-00-02.ofgdpxv.mongodb.net:27017, ac-l6uagqo-shard-00-01.ofgdpxv.mongodb.net:27017, ac-l6uagqo-shard-00-00.ofgdpxv.mongodb.net:27017], passives=[], arbiters=[], primary='ac-l6uagqo-shard-00-02.ofgdpxv.mongodb.net:27017', tagSet=TagSet{[Tag{name='availabilityZone', value='aps1-az3'}, Tag{name='diskState', value='READY'}, Tag{name='nodeType', value='ELECTABLE'}, Tag{name='provider', value='AWS'}, Tag{name='region', value='AP_SOUTH_1'}, Tag{name='workloadType', value='OPERATIONAL'}]}, electionId=null, setVersion=25, topologyVersion=TopologyVersion{processId=6942c658938e561306a68996, counter=3}, lastWriteDate=Thu Jan 01 19:42:16 IST 2026, lastUpdateTimeNanos=4631186210800}
19:42:17.257 [cluster-ClusterId{value='695680bf75f1115be4332d42', description='Cluster0'}-ac-l6uagqo-shard-00-02.ofgdpxv.mongodb.net:27017] INFO  org.mongodb.driver.cluster - Monitor thread successfully connected to server with description ServerDescription{address=ac-l6uagqo-shard-00-02.ofgdpxv.mongodb.net:27017, type=REPLICA_SET_PRIMARY, state=CONNECTED, ok=true, minWireVersion=0, maxWireVersion=25, maxDocumentSize=16777216, logicalSessionTimeoutMinutes=30, roundTripTimeNanos=610813100, setName='atlas-nbt1cq-shard-0', canonicalAddress=ac-l6uagqo-shard-00-02.ofgdpxv.mongodb.net:27017, hosts=[ac-l6uagqo-shard-00-02.ofgdpxv.mongodb.net:27017, ac-l6uagqo-shard-00-01.ofgdpxv.mongodb.net:27017, ac-l6uagqo-shard-00-00.ofgdpxv.mongodb.net:27017], passives=[], arbiters=[], primary='ac-l6uagqo-shard-00-02.ofgdpxv.mongodb.net:27017', tagSet=TagSet{[Tag{name='availabilityZone', value='aps1-az2'}, Tag{name='diskState', value='READY'}, Tag{name='nodeType', value='ELECTABLE'}, Tag{name='provider', value='AWS'}, Tag{name='region', value='AP_SOUTH_1'}, Tag{name='workloadType', value='OPERATIONAL'}]}, electionId=7fffffff0000000000000041, setVersion=25, topologyVersion=TopologyVersion{processId=6942c6184360ab72e844d178, counter=6}, lastWriteDate=Thu Jan 01 19:42:16 IST 2026, lastUpdateTimeNanos=4631186210200}
19:42:17.272 [cluster-ClusterId{value='695680bf75f1115be4332d42', description='Cluster0'}-ac-l6uagqo-shard-00-02.ofgdpxv.mongodb.net:27017] INFO  org.mongodb.driver.cluster - Discovered replica set primary ac-l6uagqo-shard-00-02.ofgdpxv.mongodb.net:27017 with max election id 7fffffff0000000000000041 and max set version 25
19:42:18.718 [main] WARN  o.s.s.c.a.a.c.InitializeUserDetailsBeanManagerConfigurer$InitializeUserDetailsManagerConfigurer - Global AuthenticationManager configured with an AuthenticationProvider bean. UserDetailsService beans will not be used for username/password login. Consider removing the AuthenticationProvider bean. Alternatively, consider using the UserDetailsService in a manually instantiated DaoAuthenticationProvider.
19:42:21.233 [main] INFO  o.a.coyote.http11.Http11NioProtocol - Starting ProtocolHandler ["http-nio-8080"]
19:42:21.826 [main] INFO  o.s.b.w.e.tomcat.TomcatWebServer - Tomcat started on port 8080 (http) with context path '/'
19:42:22.029 [main] INFO  n.e.journalApp.JournalApplication - Started JournalApplication in 2449.301 seconds (process running for 2460.16)
20:42:39.869 [main] INFO  n.e.journalApp.JournalApplication - Starting JournalApplication using Java 17.0.17 with PID 11760 (E:\flutter_windows_3.19.4-stable\journalApp\target\classes started by Yash in E:\flutter_windows_3.19.4-stable\journalApp)
20:42:39.869 [main] INFO  n.e.journalApp.JournalApplication - The following 1 profile is active: "dev"
20:42:41.365 [main] INFO  o.s.d.r.c.RepositoryConfigurationDelegate - Bootstrapping Spring Data MongoDB repositories in DEFAULT mode.
20:42:41.474 [main] INFO  o.s.d.r.c.RepositoryConfigurationDelegate - Finished Spring Data repository scanning in 101 ms. Found 2 MongoDB repository interfaces.
20:42:42.604 [main] INFO  o.s.b.w.e.tomcat.TomcatWebServer - Tomcat initialized with port 8080 (http)
20:42:42.619 [main] INFO  o.a.coyote.http11.Http11NioProtocol - Initializing ProtocolHandler ["http-nio-8080"]
20:42:42.635 [main] INFO  o.a.catalina.core.StandardService - Starting service [Tomcat]
20:42:42.635 [main] INFO  o.a.catalina.core.StandardEngine - Starting Servlet engine: [Apache Tomcat/10.1.30]
20:42:42.760 [main] INFO  o.a.c.c.C.[Tomcat].[localhost].[/] - Initializing Spring embedded WebApplicationContext
20:42:42.775 [main] INFO  o.s.b.w.s.c.ServletWebServerApplicationContext - Root WebApplicationContext: initialization completed in 2676 ms
20:42:43.262 [cluster-ClusterId{value='69568eeb080489273f1b318d', description='Cluster0'}-srv-cluster0.ofgdpxv.mongodb.net] INFO  org.mongodb.driver.cluster - Adding discovered server ac-l6uagqo-shard-00-02.ofgdpxv.mongodb.net:27017 to client view of cluster
20:42:43.365 [main] INFO  org.mongodb.driver.client - MongoClient with metadata {"application": {"name": "Cluster0"}, "driver": {"name": "mongo-java-driver|sync|spring-boot", "version": "5.0.1"}, "os": {"type": "Windows", "name": "Windows 10", "architecture": "amd64", "version": "10.0"}, "platform": "Java/Microsoft/17.0.17+10-LTS"} created with settings MongoClientSettings{readPreference=primary, writeConcern=WriteConcern{w=null, wTimeout=null ms, journal=null}, retryWrites=true, retryReads=true, readConcern=ReadConcern{level=null}, credential=MongoCredential{mechanism=null, userName='yashu17052000', source='admin', password=<hidden>, mechanismProperties=<hidden>}, transportSettings=null, commandListeners=[], codecRegistry=ProvidersCodecRegistry{codecProviders=[ValueCodecProvider{}, BsonValueCodecProvider{}, DBRefCodecProvider{}, DBObjectCodecProvider{}, DocumentCodecProvider{}, CollectionCodecProvider{}, IterableCodecProvider{}, MapCodecProvider{}, GeoJsonCodecProvider{}, GridFSFileCodecProvider{}, Jsr310CodecProvider{}, JsonObjectCodecProvider{}, BsonCodecProvider{}, EnumCodecProvider{}, com.mongodb.client.model.mql.ExpressionCodecProvider@3becc950, com.mongodb.Jep395RecordCodecProvider@6b9fdbc6, com.mongodb.KotlinCodecProvider@79476a4e]}, loggerSettings=LoggerSettings{maxDocumentLength=1000}, clusterSettings={hosts=[127.0.0.1:27017], srvHost=cluster0.ofgdpxv.mongodb.net, srvServiceName=mongodb, mode=MULTIPLE, requiredClusterType=REPLICA_SET, requiredReplicaSetName='atlas-nbt1cq-shard-0', serverSelector='null', clusterListeners='[]', serverSelectionTimeout='30000 ms', localThreshold='15 ms'}, socketSettings=SocketSettings{connectTimeoutMS=10000, readTimeoutMS=0, receiveBufferSize=0, proxySettings=ProxySettings{host=null, port=null, username=null, password=null}}, heartbeatSocketSettings=SocketSettings{connectTimeoutMS=10000, readTimeoutMS=10000, receiveBufferSize=0, proxySettings=ProxySettings{host=null, port=null, username=null, password=null}}, connectionPoolSettings=ConnectionPoolSettings{maxSize=100, minSize=0, maxWaitTimeMS=120000, maxConnectionLifeTimeMS=0, maxConnectionIdleTimeMS=0, maintenanceInitialDelayMS=0, maintenanceFrequencyMS=60000, connectionPoolListeners=[], maxConnecting=2}, serverSettings=ServerSettings{heartbeatFrequencyMS=10000, minHeartbeatFrequencyMS=500, serverListeners='[]', serverMonitorListeners='[]'}, sslSettings=SslSettings{enabled=true, invalidHostNameAllowed=false, context=null}, applicationName='Cluster0', compressorList=[], uuidRepresentation=JAVA_LEGACY, serverApi=null, autoEncryptionSettings=null, dnsClient=null, inetAddressResolver=null, contextProvider=null}
20:42:43.370 [cluster-ClusterId{value='69568eeb080489273f1b318d', description='Cluster0'}-srv-cluster0.ofgdpxv.mongodb.net] INFO  org.mongodb.driver.cluster - Adding discovered server ac-l6uagqo-shard-00-00.ofgdpxv.mongodb.net:27017 to client view of cluster
20:42:43.370 [cluster-ClusterId{value='69568eeb080489273f1b318d', description='Cluster0'}-srv-cluster0.ofgdpxv.mongodb.net] INFO  org.mongodb.driver.cluster - Adding discovered server ac-l6uagqo-shard-00-01.ofgdpxv.mongodb.net:27017 to client view of cluster
20:42:44.262 [cluster-ClusterId{value='69568eeb080489273f1b318d', description='Cluster0'}-ac-l6uagqo-shard-00-00.ofgdpxv.mongodb.net:27017] INFO  org.mongodb.driver.cluster - Monitor thread successfully connected to server with description ServerDescription{address=ac-l6uagqo-shard-00-00.ofgdpxv.mongodb.net:27017, type=REPLICA_SET_SECONDARY, state=CONNECTED, ok=true, minWireVersion=0, maxWireVersion=25, maxDocumentSize=16777216, logicalSessionTimeoutMinutes=30, roundTripTimeNanos=371579400, setName='atlas-nbt1cq-shard-0', canonicalAddress=ac-l6uagqo-shard-00-00.ofgdpxv.mongodb.net:27017, hosts=[ac-l6uagqo-shard-00-02.ofgdpxv.mongodb.net:27017, ac-l6uagqo-shard-00-01.ofgdpxv.mongodb.net:27017, ac-l6uagqo-shard-00-00.ofgdpxv.mongodb.net:27017], passives=[], arbiters=[], primary='ac-l6uagqo-shard-00-02.ofgdpxv.mongodb.net:27017', tagSet=TagSet{[Tag{name='availabilityZone', value='aps1-az1'}, Tag{name='diskState', value='READY'}, Tag{name='nodeType', value='ELECTABLE'}, Tag{name='provider', value='AWS'}, Tag{name='region', value='AP_SOUTH_1'}, Tag{name='workloadType', value='OPERATIONAL'}]}, electionId=null, setVersion=25, topologyVersion=TopologyVersion{processId=6942c5d97988b55e4477065e, counter=4}, lastWriteDate=Thu Jan 01 20:42:43 IST 2026, lastUpdateTimeNanos=8258187927400}
20:42:44.262 [cluster-ClusterId{value='69568eeb080489273f1b318d', description='Cluster0'}-ac-l6uagqo-shard-00-02.ofgdpxv.mongodb.net:27017] INFO  org.mongodb.driver.cluster - Monitor thread successfully connected to server with description ServerDescription{address=ac-l6uagqo-shard-00-02.ofgdpxv.mongodb.net:27017, type=REPLICA_SET_PRIMARY, state=CONNECTED, ok=true, minWireVersion=0, maxWireVersion=25, maxDocumentSize=16777216, logicalSessionTimeoutMinutes=30, roundTripTimeNanos=390014401, setName='atlas-nbt1cq-shard-0', canonicalAddress=ac-l6uagqo-shard-00-02.ofgdpxv.mongodb.net:27017, hosts=[ac-l6uagqo-shard-00-02.ofgdpxv.mongodb.net:27017, ac-l6uagqo-shard-00-01.ofgdpxv.mongodb.net:27017, ac-l6uagqo-shard-00-00.ofgdpxv.mongodb.net:27017], passives=[], arbiters=[], primary='ac-l6uagqo-shard-00-02.ofgdpxv.mongodb.net:27017', tagSet=TagSet{[Tag{name='availabilityZone', value='aps1-az2'}, Tag{name='diskState', value='READY'}, Tag{name='nodeType', value='ELECTABLE'}, Tag{name='provider', value='AWS'}, Tag{name='region', value='AP_SOUTH_1'}, Tag{name='workloadType', value='OPERATIONAL'}]}, electionId=7fffffff0000000000000041, setVersion=25, topologyVersion=TopologyVersion{processId=6942c6184360ab72e844d178, counter=6}, lastWriteDate=Thu Jan 01 20:42:43 IST 2026, lastUpdateTimeNanos=8258205219500}
20:42:44.277 [cluster-ClusterId{value='69568eeb080489273f1b318d', description='Cluster0'}-ac-l6uagqo-shard-00-02.ofgdpxv.mongodb.net:27017] INFO  org.mongodb.driver.cluster - Discovered replica set primary ac-l6uagqo-shard-00-02.ofgdpxv.mongodb.net:27017 with max election id 7fffffff0000000000000041 and max set version 25
20:42:44.262 [cluster-ClusterId{value='69568eeb080489273f1b318d', description='Cluster0'}-ac-l6uagqo-shard-00-01.ofgdpxv.mongodb.net:27017] INFO  org.mongodb.driver.cluster - Monitor thread successfully connected to server with description ServerDescription{address=ac-l6uagqo-shard-00-01.ofgdpxv.mongodb.net:27017, type=REPLICA_SET_SECONDARY, state=CONNECTED, ok=true, minWireVersion=0, maxWireVersion=25, maxDocumentSize=16777216, logicalSessionTimeoutMinutes=30, roundTripTimeNanos=390000000, setName='atlas-nbt1cq-shard-0', canonicalAddress=ac-l6uagqo-shard-00-01.ofgdpxv.mongodb.net:27017, hosts=[ac-l6uagqo-shard-00-02.ofgdpxv.mongodb.net:27017, ac-l6uagqo-shard-00-01.ofgdpxv.mongodb.net:27017, ac-l6uagqo-shard-00-00.ofgdpxv.mongodb.net:27017], passives=[], arbiters=[], primary='ac-l6uagqo-shard-00-02.ofgdpxv.mongodb.net:27017', tagSet=TagSet{[Tag{name='availabilityZone', value='aps1-az3'}, Tag{name='diskState', value='READY'}, Tag{name='nodeType', value='ELECTABLE'}, Tag{name='provider', value='AWS'}, Tag{name='region', value='AP_SOUTH_1'}, Tag{name='workloadType', value='OPERATIONAL'}]}, electionId=null, setVersion=25, topologyVersion=TopologyVersion{processId=6942c658938e561306a68996, counter=3}, lastWriteDate=Thu Jan 01 20:42:43 IST 2026, lastUpdateTimeNanos=8258205219500}
20:42:44.856 [main] WARN  o.s.s.c.a.a.c.InitializeUserDetailsBeanManagerConfigurer$InitializeUserDetailsManagerConfigurer - Global AuthenticationManager configured with an AuthenticationProvider bean. UserDetailsService beans will not be used for username/password login. Consider removing the AuthenticationProvider bean. Alternatively, consider using the UserDetailsService in a manually instantiated DaoAuthenticationProvider.
20:42:45.730 [main] INFO  o.a.coyote.http11.Http11NioProtocol - Starting ProtocolHandler ["http-nio-8080"]
20:42:45.762 [main] INFO  o.s.b.w.e.tomcat.TomcatWebServer - Tomcat started on port 8080 (http) with context path '/'
20:42:45.793 [main] INFO  n.e.journalApp.JournalApplication - Started JournalApplication in 6.814 seconds (process running for 8.212)
20:57:01.128 [main] INFO  n.e.journalApp.JournalApplication - Starting JournalApplication using Java 17.0.17 with PID 6076 (E:\flutter_windows_3.19.4-stable\journalApp\target\classes started by Yash in E:\flutter_windows_3.19.4-stable\journalApp)
20:57:01.144 [main] INFO  n.e.journalApp.JournalApplication - The following 1 profile is active: "dev"
20:57:02.673 [main] INFO  o.s.d.r.c.RepositoryConfigurationDelegate - Bootstrapping Spring Data MongoDB repositories in DEFAULT mode.
20:57:02.876 [main] INFO  o.s.d.r.c.RepositoryConfigurationDelegate - Finished Spring Data repository scanning in 188 ms. Found 2 MongoDB repository interfaces.
20:57:04.101 [main] INFO  o.s.b.w.e.tomcat.TomcatWebServer - Tomcat initialized with port 8080 (http)
20:57:04.132 [main] INFO  o.a.coyote.http11.Http11NioProtocol - Initializing ProtocolHandler ["http-nio-8080"]
20:57:04.132 [main] INFO  o.a.catalina.core.StandardService - Starting service [Tomcat]
20:57:04.132 [main] INFO  o.a.catalina.core.StandardEngine - Starting Servlet engine: [Apache Tomcat/10.1.30]
20:57:04.274 [main] INFO  o.a.c.c.C.[Tomcat].[localhost].[/] - Initializing Spring embedded WebApplicationContext
20:57:04.274 [main] INFO  o.s.b.w.s.c.ServletWebServerApplicationContext - Root WebApplicationContext: initialization completed in 2881 ms
20:57:04.739 [cluster-ClusterId{value='69569248e8bde832be96055b', description='Cluster0'}-srv-cluster0.ofgdpxv.mongodb.net] INFO  org.mongodb.driver.cluster - Adding discovered server ac-l6uagqo-shard-00-02.ofgdpxv.mongodb.net:27017 to client view of cluster
20:57:04.798 [main] INFO  org.mongodb.driver.client - MongoClient with metadata {"application": {"name": "Cluster0"}, "driver": {"name": "mongo-java-driver|sync|spring-boot", "version": "5.0.1"}, "os": {"type": "Windows", "name": "Windows 10", "architecture": "amd64", "version": "10.0"}, "platform": "Java/Microsoft/17.0.17+10-LTS"} created with settings MongoClientSettings{readPreference=primary, writeConcern=WriteConcern{w=null, wTimeout=null ms, journal=null}, retryWrites=true, retryReads=true, readConcern=ReadConcern{level=null}, credential=MongoCredential{mechanism=null, userName='yashu17052000', source='admin', password=<hidden>, mechanismProperties=<hidden>}, transportSettings=null, commandListeners=[], codecRegistry=ProvidersCodecRegistry{codecProviders=[ValueCodecProvider{}, BsonValueCodecProvider{}, DBRefCodecProvider{}, DBObjectCodecProvider{}, DocumentCodecProvider{}, CollectionCodecProvider{}, IterableCodecProvider{}, MapCodecProvider{}, GeoJsonCodecProvider{}, GridFSFileCodecProvider{}, Jsr310CodecProvider{}, JsonObjectCodecProvider{}, BsonCodecProvider{}, EnumCodecProvider{}, com.mongodb.client.model.mql.ExpressionCodecProvider@664632e9, com.mongodb.Jep395RecordCodecProvider@494c8f29, com.mongodb.KotlinCodecProvider@4f379769]}, loggerSettings=LoggerSettings{maxDocumentLength=1000}, clusterSettings={hosts=[127.0.0.1:27017], srvHost=cluster0.ofgdpxv.mongodb.net, srvServiceName=mongodb, mode=MULTIPLE, requiredClusterType=REPLICA_SET, requiredReplicaSetName='atlas-nbt1cq-shard-0', serverSelector='null', clusterListeners='[]', serverSelectionTimeout='30000 ms', localThreshold='15 ms'}, socketSettings=SocketSettings{connectTimeoutMS=10000, readTimeoutMS=0, receiveBufferSize=0, proxySettings=ProxySettings{host=null, port=null, username=null, password=null}}, heartbeatSocketSettings=SocketSettings{connectTimeoutMS=10000, readTimeoutMS=10000, receiveBufferSize=0, proxySettings=ProxySettings{host=null, port=null, username=null, password=null}}, connectionPoolSettings=ConnectionPoolSettings{maxSize=100, minSize=0, maxWaitTimeMS=120000, maxConnectionLifeTimeMS=0, maxConnectionIdleTimeMS=0, maintenanceInitialDelayMS=0, maintenanceFrequencyMS=60000, connectionPoolListeners=[], maxConnecting=2}, serverSettings=ServerSettings{heartbeatFrequencyMS=10000, minHeartbeatFrequencyMS=500, serverListeners='[]', serverMonitorListeners='[]'}, sslSettings=SslSettings{enabled=true, invalidHostNameAllowed=false, context=null}, applicationName='Cluster0', compressorList=[], uuidRepresentation=JAVA_LEGACY, serverApi=null, autoEncryptionSettings=null, dnsClient=null, inetAddressResolver=null, contextProvider=null}
20:57:04.815 [cluster-ClusterId{value='69569248e8bde832be96055b', description='Cluster0'}-srv-cluster0.ofgdpxv.mongodb.net] INFO  org.mongodb.driver.cluster - Adding discovered server ac-l6uagqo-shard-00-00.ofgdpxv.mongodb.net:27017 to client view of cluster
20:57:04.815 [cluster-ClusterId{value='69569248e8bde832be96055b', description='Cluster0'}-srv-cluster0.ofgdpxv.mongodb.net] INFO  org.mongodb.driver.cluster - Adding discovered server ac-l6uagqo-shard-00-01.ofgdpxv.mongodb.net:27017 to client view of cluster
20:57:05.717 [cluster-ClusterId{value='69569248e8bde832be96055b', description='Cluster0'}-ac-l6uagqo-shard-00-02.ofgdpxv.mongodb.net:27017] INFO  org.mongodb.driver.cluster - Monitor thread successfully connected to server with description ServerDescription{address=ac-l6uagqo-shard-00-02.ofgdpxv.mongodb.net:27017, type=REPLICA_SET_PRIMARY, state=CONNECTED, ok=true, minWireVersion=0, maxWireVersion=25, maxDocumentSize=16777216, logicalSessionTimeoutMinutes=30, roundTripTimeNanos=379875600, setName='atlas-nbt1cq-shard-0', canonicalAddress=ac-l6uagqo-shard-00-02.ofgdpxv.mongodb.net:27017, hosts=[ac-l6uagqo-shard-00-02.ofgdpxv.mongodb.net:27017, ac-l6uagqo-shard-00-01.ofgdpxv.mongodb.net:27017, ac-l6uagqo-shard-00-00.ofgdpxv.mongodb.net:27017], passives=[], arbiters=[], primary='ac-l6uagqo-shard-00-02.ofgdpxv.mongodb.net:27017', tagSet=TagSet{[Tag{name='availabilityZone', value='aps1-az2'}, Tag{name='diskState', value='READY'}, Tag{name='nodeType', value='ELECTABLE'}, Tag{name='provider', value='AWS'}, Tag{name='region', value='AP_SOUTH_1'}, Tag{name='workloadType', value='OPERATIONAL'}]}, electionId=7fffffff0000000000000041, setVersion=25, topologyVersion=TopologyVersion{processId=6942c6184360ab72e844d178, counter=6}, lastWriteDate=Thu Jan 01 20:57:04 IST 2026, lastUpdateTimeNanos=9119641192500}
20:57:05.717 [cluster-ClusterId{value='69569248e8bde832be96055b', description='Cluster0'}-ac-l6uagqo-shard-00-01.ofgdpxv.mongodb.net:27017] INFO  org.mongodb.driver.cluster - Monitor thread successfully connected to server with description ServerDescription{address=ac-l6uagqo-shard-00-01.ofgdpxv.mongodb.net:27017, type=REPLICA_SET_SECONDARY, state=CONNECTED, ok=true, minWireVersion=0, maxWireVersion=25, maxDocumentSize=16777216, logicalSessionTimeoutMinutes=30, roundTripTimeNanos=381974400, setName='atlas-nbt1cq-shard-0', canonicalAddress=ac-l6uagqo-shard-00-01.ofgdpxv.mongodb.net:27017, hosts=[ac-l6uagqo-shard-00-02.ofgdpxv.mongodb.net:27017, ac-l6uagqo-shard-00-01.ofgdpxv.mongodb.net:27017, ac-l6uagqo-shard-00-00.ofgdpxv.mongodb.net:27017], passives=[], arbiters=[], primary='ac-l6uagqo-shard-00-02.ofgdpxv.mongodb.net:27017', tagSet=TagSet{[Tag{name='availabilityZone', value='aps1-az3'}, Tag{name='diskState', value='READY'}, Tag{name='nodeType', value='ELECTABLE'}, Tag{name='provider', value='AWS'}, Tag{name='region', value='AP_SOUTH_1'}, Tag{name='workloadType', value='OPERATIONAL'}]}, electionId=null, setVersion=25, topologyVersion=TopologyVersion{processId=6942c658938e561306a68996, counter=3}, lastWriteDate=Thu Jan 01 20:57:04 IST 2026, lastUpdateTimeNanos=9119643265200}
20:57:05.717 [cluster-ClusterId{value='69569248e8bde832be96055b', description='Cluster0'}-ac-l6uagqo-shard-00-00.ofgdpxv.mongodb.net:27017] INFO  org.mongodb.driver.cluster - Monitor thread successfully connected to server with description ServerDescription{address=ac-l6uagqo-shard-00-00.ofgdpxv.mongodb.net:27017, type=REPLICA_SET_SECONDARY, state=CONNECTED, ok=true, minWireVersion=0, maxWireVersion=25, maxDocumentSize=16777216, logicalSessionTimeoutMinutes=30, roundTripTimeNanos=381232000, setName='atlas-nbt1cq-shard-0', canonicalAddress=ac-l6uagqo-shard-00-00.ofgdpxv.mongodb.net:27017, hosts=[ac-l6uagqo-shard-00-02.ofgdpxv.mongodb.net:27017, ac-l6uagqo-shard-00-01.ofgdpxv.mongodb.net:27017, ac-l6uagqo-shard-00-00.ofgdpxv.mongodb.net:27017], passives=[], arbiters=[], primary='ac-l6uagqo-shard-00-02.ofgdpxv.mongodb.net:27017', tagSet=TagSet{[Tag{name='availabilityZone', value='aps1-az1'}, Tag{name='diskState', value='READY'}, Tag{name='nodeType', value='ELECTABLE'}, Tag{name='provider', value='AWS'}, Tag{name='region', value='AP_SOUTH_1'}, Tag{name='workloadType', value='OPERATIONAL'}]}, electionId=null, setVersion=25, topologyVersion=TopologyVersion{processId=6942c5d97988b55e4477065e, counter=4}, lastWriteDate=Thu Jan 01 20:57:04 IST 2026, lastUpdateTimeNanos=9119642392600}
20:57:05.717 [cluster-ClusterId{value='69569248e8bde832be96055b', description='Cluster0'}-ac-l6uagqo-shard-00-02.ofgdpxv.mongodb.net:27017] INFO  org.mongodb.driver.cluster - Discovered replica set primary ac-l6uagqo-shard-00-02.ofgdpxv.mongodb.net:27017 with max election id 7fffffff0000000000000041 and max set version 25
20:57:06.301 [main] WARN  o.s.s.c.a.a.c.InitializeUserDetailsBeanManagerConfigurer$InitializeUserDetailsManagerConfigurer - Global AuthenticationManager configured with an AuthenticationProvider bean. UserDetailsService beans will not be used for username/password login. Consider removing the AuthenticationProvider bean. Alternatively, consider using the UserDetailsService in a manually instantiated DaoAuthenticationProvider.
20:57:07.192 [main] INFO  o.a.coyote.http11.Http11NioProtocol - Starting ProtocolHandler ["http-nio-8080"]
20:57:07.234 [main] INFO  o.s.b.w.e.tomcat.TomcatWebServer - Tomcat started on port 8080 (http) with context path '/'
20:57:07.254 [main] INFO  n.e.journalApp.JournalApplication - Started JournalApplication in 6.909 seconds (process running for 8.32)
21:05:12.067 [main] INFO  n.e.journalApp.JournalApplication - Starting JournalApplication using Java 17.0.17 with PID 12136 (E:\flutter_windows_3.19.4-stable\journalApp\target\classes started by Yash in E:\flutter_windows_3.19.4-stable\journalApp)
21:05:12.072 [main] INFO  n.e.journalApp.JournalApplication - The following 1 profile is active: "dev"
21:05:13.742 [main] INFO  o.s.d.r.c.RepositoryConfigurationDelegate - Bootstrapping Spring Data MongoDB repositories in DEFAULT mode.
21:05:14.074 [main] INFO  o.s.d.r.c.RepositoryConfigurationDelegate - Finished Spring Data repository scanning in 322 ms. Found 2 MongoDB repository interfaces.
21:05:15.747 [main] INFO  o.s.b.w.e.tomcat.TomcatWebServer - Tomcat initialized with port 8080 (http)
21:05:15.842 [main] INFO  o.a.coyote.http11.Http11NioProtocol - Initializing ProtocolHandler ["http-nio-8080"]
21:05:15.864 [main] INFO  o.a.catalina.core.StandardService - Starting service [Tomcat]
21:05:15.865 [main] INFO  o.a.catalina.core.StandardEngine - Starting Servlet engine: [Apache Tomcat/10.1.30]
21:05:16.117 [main] INFO  o.a.c.c.C.[Tomcat].[localhost].[/] - Initializing Spring embedded WebApplicationContext
21:05:16.119 [main] INFO  o.s.b.w.s.c.ServletWebServerApplicationContext - Root WebApplicationContext: initialization completed in 3682 ms
21:05:17.120 [cluster-ClusterId{value='69569435f59681341601ebf5', description='Cluster0'}-srv-cluster0.ofgdpxv.mongodb.net] INFO  org.mongodb.driver.cluster - Adding discovered server ac-l6uagqo-shard-00-02.ofgdpxv.mongodb.net:27017 to client view of cluster
21:05:17.181 [main] INFO  org.mongodb.driver.client - MongoClient with metadata {"application": {"name": "Cluster0"}, "driver": {"name": "mongo-java-driver|sync|spring-boot", "version": "5.0.1"}, "os": {"type": "Windows", "name": "Windows 10", "architecture": "amd64", "version": "10.0"}, "platform": "Java/Microsoft/17.0.17+10-LTS"} created with settings MongoClientSettings{readPreference=primary, writeConcern=WriteConcern{w=null, wTimeout=null ms, journal=null}, retryWrites=true, retryReads=true, readConcern=ReadConcern{level=null}, credential=MongoCredential{mechanism=null, userName='yashu17052000', source='admin', password=<hidden>, mechanismProperties=<hidden>}, transportSettings=null, commandListeners=[], codecRegistry=ProvidersCodecRegistry{codecProviders=[ValueCodecProvider{}, BsonValueCodecProvider{}, DBRefCodecProvider{}, DBObjectCodecProvider{}, DocumentCodecProvider{}, CollectionCodecProvider{}, IterableCodecProvider{}, MapCodecProvider{}, GeoJsonCodecProvider{}, GridFSFileCodecProvider{}, Jsr310CodecProvider{}, JsonObjectCodecProvider{}, BsonCodecProvider{}, EnumCodecProvider{}, com.mongodb.client.model.mql.ExpressionCodecProvider@5eabff6b, com.mongodb.Jep395RecordCodecProvider@5b000fe6, com.mongodb.KotlinCodecProvider@4751e8b9]}, loggerSettings=LoggerSettings{maxDocumentLength=1000}, clusterSettings={hosts=[127.0.0.1:27017], srvHost=cluster0.ofgdpxv.mongodb.net, srvServiceName=mongodb, mode=MULTIPLE, requiredClusterType=REPLICA_SET, requiredReplicaSetName='atlas-nbt1cq-shard-0', serverSelector='null', clusterListeners='[]', serverSelectionTimeout='30000 ms', localThreshold='15 ms'}, socketSettings=SocketSettings{connectTimeoutMS=10000, readTimeoutMS=0, receiveBufferSize=0, proxySettings=ProxySettings{host=null, port=null, username=null, password=null}}, heartbeatSocketSettings=SocketSettings{connectTimeoutMS=10000, readTimeoutMS=10000, receiveBufferSize=0, proxySettings=ProxySettings{host=null, port=null, username=null, password=null}}, connectionPoolSettings=ConnectionPoolSettings{maxSize=100, minSize=0, maxWaitTimeMS=120000, maxConnectionLifeTimeMS=0, maxConnectionIdleTimeMS=0, maintenanceInitialDelayMS=0, maintenanceFrequencyMS=60000, connectionPoolListeners=[], maxConnecting=2}, serverSettings=ServerSettings{heartbeatFrequencyMS=10000, minHeartbeatFrequencyMS=500, serverListeners='[]', serverMonitorListeners='[]'}, sslSettings=SslSettings{enabled=true, invalidHostNameAllowed=false, context=null}, applicationName='Cluster0', compressorList=[], uuidRepresentation=JAVA_LEGACY, serverApi=null, autoEncryptionSettings=null, dnsClient=null, inetAddressResolver=null, contextProvider=null}
21:05:17.194 [cluster-ClusterId{value='69569435f59681341601ebf5', description='Cluster0'}-srv-cluster0.ofgdpxv.mongodb.net] INFO  org.mongodb.driver.cluster - Adding discovered server ac-l6uagqo-shard-00-01.ofgdpxv.mongodb.net:27017 to client view of cluster
21:05:17.204 [cluster-ClusterId{value='69569435f59681341601ebf5', description='Cluster0'}-srv-cluster0.ofgdpxv.mongodb.net] INFO  org.mongodb.driver.cluster - Adding discovered server ac-l6uagqo-shard-00-00.ofgdpxv.mongodb.net:27017 to client view of cluster
21:05:18.967 [cluster-ClusterId{value='69569435f59681341601ebf5', description='Cluster0'}-ac-l6uagqo-shard-00-01.ofgdpxv.mongodb.net:27017] INFO  org.mongodb.driver.cluster - Monitor thread successfully connected to server with description ServerDescription{address=ac-l6uagqo-shard-00-01.ofgdpxv.mongodb.net:27017, type=REPLICA_SET_SECONDARY, state=CONNECTED, ok=true, minWireVersion=0, maxWireVersion=25, maxDocumentSize=16777216, logicalSessionTimeoutMinutes=30, roundTripTimeNanos=812609200, setName='atlas-nbt1cq-shard-0', canonicalAddress=ac-l6uagqo-shard-00-01.ofgdpxv.mongodb.net:27017, hosts=[ac-l6uagqo-shard-00-02.ofgdpxv.mongodb.net:27017, ac-l6uagqo-shard-00-01.ofgdpxv.mongodb.net:27017, ac-l6uagqo-shard-00-00.ofgdpxv.mongodb.net:27017], passives=[], arbiters=[], primary='ac-l6uagqo-shard-00-02.ofgdpxv.mongodb.net:27017', tagSet=TagSet{[Tag{name='availabilityZone', value='aps1-az3'}, Tag{name='diskState', value='READY'}, Tag{name='nodeType', value='ELECTABLE'}, Tag{name='provider', value='AWS'}, Tag{name='region', value='AP_SOUTH_1'}, Tag{name='workloadType', value='OPERATIONAL'}]}, electionId=null, setVersion=25, topologyVersion=TopologyVersion{processId=6942c658938e561306a68996, counter=3}, lastWriteDate=Thu Jan 01 21:05:17 IST 2026, lastUpdateTimeNanos=9612893734000}
21:05:18.987 [cluster-ClusterId{value='69569435f59681341601ebf5', description='Cluster0'}-ac-l6uagqo-shard-00-00.ofgdpxv.mongodb.net:27017] INFO  org.mongodb.driver.cluster - Monitor thread successfully connected to server with description ServerDescription{address=ac-l6uagqo-shard-00-00.ofgdpxv.mongodb.net:27017, type=REPLICA_SET_SECONDARY, state=CONNECTED, ok=true, minWireVersion=0, maxWireVersion=25, maxDocumentSize=16777216, logicalSessionTimeoutMinutes=30, roundTripTimeNanos=833665900, setName='atlas-nbt1cq-shard-0', canonicalAddress=ac-l6uagqo-shard-00-00.ofgdpxv.mongodb.net:27017, hosts=[ac-l6uagqo-shard-00-02.ofgdpxv.mongodb.net:27017, ac-l6uagqo-shard-00-01.ofgdpxv.mongodb.net:27017, ac-l6uagqo-shard-00-00.ofgdpxv.mongodb.net:27017], passives=[], arbiters=[], primary='ac-l6uagqo-shard-00-02.ofgdpxv.mongodb.net:27017', tagSet=TagSet{[Tag{name='availabilityZone', value='aps1-az1'}, Tag{name='diskState', value='READY'}, Tag{name='nodeType', value='ELECTABLE'}, Tag{name='provider', value='AWS'}, Tag{name='region', value='AP_SOUTH_1'}, Tag{name='workloadType', value='OPERATIONAL'}]}, electionId=null, setVersion=25, topologyVersion=TopologyVersion{processId=6942c5d97988b55e4477065e, counter=4}, lastWriteDate=Thu Jan 01 21:05:17 IST 2026, lastUpdateTimeNanos=9612916131700}
21:05:18.984 [cluster-ClusterId{value='69569435f59681341601ebf5', description='Cluster0'}-ac-l6uagqo-shard-00-02.ofgdpxv.mongodb.net:27017] INFO  org.mongodb.driver.cluster - Monitor thread successfully connected to server with description ServerDescription{address=ac-l6uagqo-shard-00-02.ofgdpxv.mongodb.net:27017, type=REPLICA_SET_PRIMARY, state=CONNECTED, ok=true, minWireVersion=0, maxWireVersion=25, maxDocumentSize=16777216, logicalSessionTimeoutMinutes=30, roundTripTimeNanos=830522400, setName='atlas-nbt1cq-shard-0', canonicalAddress=ac-l6uagqo-shard-00-02.ofgdpxv.mongodb.net:27017, hosts=[ac-l6uagqo-shard-00-02.ofgdpxv.mongodb.net:27017, ac-l6uagqo-shard-00-01.ofgdpxv.mongodb.net:27017, ac-l6uagqo-shard-00-00.ofgdpxv.mongodb.net:27017], passives=[], arbiters=[], primary='ac-l6uagqo-shard-00-02.ofgdpxv.mongodb.net:27017', tagSet=TagSet{[Tag{name='availabilityZone', value='aps1-az2'}, Tag{name='diskState', value='READY'}, Tag{name='nodeType', value='ELECTABLE'}, Tag{name='provider', value='AWS'}, Tag{name='region', value='AP_SOUTH_1'}, Tag{name='workloadType', value='OPERATIONAL'}]}, electionId=7fffffff0000000000000041, setVersion=25, topologyVersion=TopologyVersion{processId=6942c6184360ab72e844d178, counter=6}, lastWriteDate=Thu Jan 01 21:05:17 IST 2026, lastUpdateTimeNanos=9612912912600}
21:05:19.030 [cluster-ClusterId{value='69569435f59681341601ebf5', description='Cluster0'}-ac-l6uagqo-shard-00-02.ofgdpxv.mongodb.net:27017] INFO  org.mongodb.driver.cluster - Discovered replica set primary ac-l6uagqo-shard-00-02.ofgdpxv.mongodb.net:27017 with max election id 7fffffff0000000000000041 and max set version 25
21:05:19.304 [main] WARN  o.s.s.c.a.a.c.InitializeUserDetailsBeanManagerConfigurer$InitializeUserDetailsManagerConfigurer - Global AuthenticationManager configured with an AuthenticationProvider bean. UserDetailsService beans will not be used for username/password login. Consider removing the AuthenticationProvider bean. Alternatively, consider using the UserDetailsService in a manually instantiated DaoAuthenticationProvider.
21:05:20.353 [main] INFO  o.a.coyote.http11.Http11NioProtocol - Starting ProtocolHandler ["http-nio-8080"]
21:05:20.394 [main] INFO  o.s.b.w.e.tomcat.TomcatWebServer - Tomcat started on port 8080 (http) with context path '/'
21:05:20.414 [main] INFO  n.e.journalApp.JournalApplication - Started JournalApplication in 9.187 seconds (process running for 10.581)
23:08:52.102 [cluster-ClusterId{value='69569435f59681341601ebf5', description='Cluster0'}-ac-l6uagqo-shard-00-02.ofgdpxv.mongodb.net:27017] INFO  org.mongodb.driver.cluster - Exception in monitor thread while connecting to server ac-l6uagqo-shard-00-02.ofgdpxv.mongodb.net:27017
com.mongodb.MongoSocketReadException: Exception receiving message
	at com.mongodb.internal.connection.InternalStreamConnection.translateReadException(InternalStreamConnection.java:707)
	at com.mongodb.internal.connection.InternalStreamConnection.receiveMessageWithAdditionalTimeout(InternalStreamConnection.java:583)
	at com.mongodb.internal.connection.InternalStreamConnection.receiveCommandMessageResponse(InternalStreamConnection.java:428)
	at com.mongodb.internal.connection.InternalStreamConnection.receive(InternalStreamConnection.java:381)
	at com.mongodb.internal.connection.DefaultServerMonitor$ServerMonitorRunnable.lookupServerDescription(DefaultServerMonitor.java:221)
	at com.mongodb.internal.connection.DefaultServerMonitor$ServerMonitorRunnable.run(DefaultServerMonitor.java:153)
	at java.base/java.lang.Thread.run(Thread.java:840)
Caused by: java.net.SocketException: Connection reset
	at java.base/sun.nio.ch.NioSocketImpl.implRead(NioSocketImpl.java:328)
	at java.base/sun.nio.ch.NioSocketImpl.read(NioSocketImpl.java:355)
	at java.base/sun.nio.ch.NioSocketImpl$1.read(NioSocketImpl.java:808)
	at java.base/java.net.Socket$SocketInputStream.read(Socket.java:966)
	at java.base/sun.security.ssl.SSLSocketInputRecord.read(SSLSocketInputRecord.java:484)
	at java.base/sun.security.ssl.SSLSocketInputRecord.readHeader(SSLSocketInputRecord.java:478)
	at java.base/sun.security.ssl.SSLSocketInputRecord.bytesInCompletePacket(SSLSocketInputRecord.java:70)
	at java.base/sun.security.ssl.SSLSocketImpl.readApplicationRecord(SSLSocketImpl.java:1465)
	at java.base/sun.security.ssl.SSLSocketImpl$AppInputStream.read(SSLSocketImpl.java:1069)
	at com.mongodb.internal.connection.SocketStream.read(SocketStream.java:176)
	at com.mongodb.internal.connection.SocketStream.read(SocketStream.java:196)
	at com.mongodb.internal.connection.InternalStreamConnection.receiveResponseBuffers(InternalStreamConnection.java:716)
	at com.mongodb.internal.connection.InternalStreamConnection.receiveMessageWithAdditionalTimeout(InternalStreamConnection.java:580)
	... 5 common frames omitted
23:08:52.102 [cluster-ClusterId{value='69569435f59681341601ebf5', description='Cluster0'}-ac-l6uagqo-shard-00-00.ofgdpxv.mongodb.net:27017] INFO  org.mongodb.driver.cluster - Exception in monitor thread while connecting to server ac-l6uagqo-shard-00-00.ofgdpxv.mongodb.net:27017
com.mongodb.MongoSocketReadException: Exception receiving message
	at com.mongodb.internal.connection.InternalStreamConnection.translateReadException(InternalStreamConnection.java:707)
	at com.mongodb.internal.connection.InternalStreamConnection.receiveMessageWithAdditionalTimeout(InternalStreamConnection.java:583)
	at com.mongodb.internal.connection.InternalStreamConnection.receiveCommandMessageResponse(InternalStreamConnection.java:428)
	at com.mongodb.internal.connection.InternalStreamConnection.receive(InternalStreamConnection.java:381)
	at com.mongodb.internal.connection.DefaultServerMonitor$ServerMonitorRunnable.lookupServerDescription(DefaultServerMonitor.java:221)
	at com.mongodb.internal.connection.DefaultServerMonitor$ServerMonitorRunnable.run(DefaultServerMonitor.java:153)
	at java.base/java.lang.Thread.run(Thread.java:840)
Caused by: java.net.SocketException: Connection reset
	at java.base/sun.nio.ch.NioSocketImpl.implRead(NioSocketImpl.java:328)
	at java.base/sun.nio.ch.NioSocketImpl.read(NioSocketImpl.java:355)
	at java.base/sun.nio.ch.NioSocketImpl$1.read(NioSocketImpl.java:808)
	at java.base/java.net.Socket$SocketInputStream.read(Socket.java:966)
	at java.base/sun.security.ssl.SSLSocketInputRecord.read(SSLSocketInputRecord.java:484)
	at java.base/sun.security.ssl.SSLSocketInputRecord.readHeader(SSLSocketInputRecord.java:478)
	at java.base/sun.security.ssl.SSLSocketInputRecord.bytesInCompletePacket(SSLSocketInputRecord.java:70)
	at java.base/sun.security.ssl.SSLSocketImpl.readApplicationRecord(SSLSocketImpl.java:1465)
	at java.base/sun.security.ssl.SSLSocketImpl$AppInputStream.read(SSLSocketImpl.java:1069)
	at com.mongodb.internal.connection.SocketStream.read(SocketStream.java:176)
	at com.mongodb.internal.connection.SocketStream.read(SocketStream.java:196)
	at com.mongodb.internal.connection.InternalStreamConnection.receiveResponseBuffers(InternalStreamConnection.java:716)
	at com.mongodb.internal.connection.InternalStreamConnection.receiveMessageWithAdditionalTimeout(InternalStreamConnection.java:580)
	... 5 common frames omitted
23:08:52.102 [cluster-ClusterId{value='69569435f59681341601ebf5', description='Cluster0'}-ac-l6uagqo-shard-00-01.ofgdpxv.mongodb.net:27017] INFO  org.mongodb.driver.cluster - Exception in monitor thread while connecting to server ac-l6uagqo-shard-00-01.ofgdpxv.mongodb.net:27017
com.mongodb.MongoSocketReadException: Exception receiving message
	at com.mongodb.internal.connection.InternalStreamConnection.translateReadException(InternalStreamConnection.java:707)
	at com.mongodb.internal.connection.InternalStreamConnection.receiveMessageWithAdditionalTimeout(InternalStreamConnection.java:583)
	at com.mongodb.internal.connection.InternalStreamConnection.receiveCommandMessageResponse(InternalStreamConnection.java:428)
	at com.mongodb.internal.connection.InternalStreamConnection.receive(InternalStreamConnection.java:381)
	at com.mongodb.internal.connection.DefaultServerMonitor$ServerMonitorRunnable.lookupServerDescription(DefaultServerMonitor.java:221)
	at com.mongodb.internal.connection.DefaultServerMonitor$ServerMonitorRunnable.run(DefaultServerMonitor.java:153)
	at java.base/java.lang.Thread.run(Thread.java:840)
Caused by: java.net.SocketException: Connection reset
	at java.base/sun.nio.ch.NioSocketImpl.implRead(NioSocketImpl.java:328)
	at java.base/sun.nio.ch.NioSocketImpl.read(NioSocketImpl.java:355)
	at java.base/sun.nio.ch.NioSocketImpl$1.read(NioSocketImpl.java:808)
	at java.base/java.net.Socket$SocketInputStream.read(Socket.java:966)
	at java.base/sun.security.ssl.SSLSocketInputRecord.read(SSLSocketInputRecord.java:484)
	at java.base/sun.security.ssl.SSLSocketInputRecord.readHeader(SSLSocketInputRecord.java:478)
	at java.base/sun.security.ssl.SSLSocketInputRecord.bytesInCompletePacket(SSLSocketInputRecord.java:70)
	at java.base/sun.security.ssl.SSLSocketImpl.readApplicationRecord(SSLSocketImpl.java:1465)
	at java.base/sun.security.ssl.SSLSocketImpl$AppInputStream.read(SSLSocketImpl.java:1069)
	at com.mongodb.internal.connection.SocketStream.read(SocketStream.java:176)
	at com.mongodb.internal.connection.SocketStream.read(SocketStream.java:196)
	at com.mongodb.internal.connection.InternalStreamConnection.receiveResponseBuffers(InternalStreamConnection.java:716)
	at com.mongodb.internal.connection.InternalStreamConnection.receiveMessageWithAdditionalTimeout(InternalStreamConnection.java:580)
	... 5 common frames omitted
23:08:52.388 [cluster-ClusterId{value='69569435f59681341601ebf5', description='Cluster0'}-ac-l6uagqo-shard-00-00.ofgdpxv.mongodb.net:27017] INFO  org.mongodb.driver.cluster - Monitor thread successfully connected to server with description ServerDescription{address=ac-l6uagqo-shard-00-00.ofgdpxv.mongodb.net:27017, type=REPLICA_SET_SECONDARY, state=CONNECTED, ok=true, minWireVersion=0, maxWireVersion=25, maxDocumentSize=16777216, logicalSessionTimeoutMinutes=30, roundTripTimeNanos=211607700, setName='atlas-nbt1cq-shard-0', canonicalAddress=ac-l6uagqo-shard-00-00.ofgdpxv.mongodb.net:27017, hosts=[ac-l6uagqo-shard-00-02.ofgdpxv.mongodb.net:27017, ac-l6uagqo-shard-00-01.ofgdpxv.mongodb.net:27017, ac-l6uagqo-shard-00-00.ofgdpxv.mongodb.net:27017], passives=[], arbiters=[], primary='ac-l6uagqo-shard-00-02.ofgdpxv.mongodb.net:27017', tagSet=TagSet{[Tag{name='availabilityZone', value='aps1-az1'}, Tag{name='diskState', value='READY'}, Tag{name='nodeType', value='ELECTABLE'}, Tag{name='provider', value='AWS'}, Tag{name='region', value='AP_SOUTH_1'}, Tag{name='workloadType', value='OPERATIONAL'}]}, electionId=null, setVersion=25, topologyVersion=TopologyVersion{processId=6942c5d97988b55e4477065e, counter=4}, lastWriteDate=Thu Jan 01 23:08:50 IST 2026, lastUpdateTimeNanos=17026324238800}
23:08:52.395 [cluster-ClusterId{value='69569435f59681341601ebf5', description='Cluster0'}-ac-l6uagqo-shard-00-02.ofgdpxv.mongodb.net:27017] INFO  org.mongodb.driver.cluster - Monitor thread successfully connected to server with description ServerDescription{address=ac-l6uagqo-shard-00-02.ofgdpxv.mongodb.net:27017, type=REPLICA_SET_PRIMARY, state=CONNECTED, ok=true, minWireVersion=0, maxWireVersion=25, maxDocumentSize=16777216, logicalSessionTimeoutMinutes=30, roundTripTimeNanos=218773501, setName='atlas-nbt1cq-shard-0', canonicalAddress=ac-l6uagqo-shard-00-02.ofgdpxv.mongodb.net:27017, hosts=[ac-l6uagqo-shard-00-02.ofgdpxv.mongodb.net:27017, ac-l6uagqo-shard-00-01.ofgdpxv.mongodb.net:27017, ac-l6uagqo-shard-00-00.ofgdpxv.mongodb.net:27017], passives=[], arbiters=[], primary='ac-l6uagqo-shard-00-02.ofgdpxv.mongodb.net:27017', tagSet=TagSet{[Tag{name='availabilityZone', value='aps1-az2'}, Tag{name='diskState', value='READY'}, Tag{name='nodeType', value='ELECTABLE'}, Tag{name='provider', value='AWS'}, Tag{name='region', value='AP_SOUTH_1'}, Tag{name='workloadType', value='OPERATIONAL'}]}, electionId=7fffffff0000000000000041, setVersion=25, topologyVersion=TopologyVersion{processId=6942c6184360ab72e844d178, counter=6}, lastWriteDate=Thu Jan 01 23:08:50 IST 2026, lastUpdateTimeNanos=17026331390000}
23:08:52.396 [cluster-ClusterId{value='69569435f59681341601ebf5', description='Cluster0'}-ac-l6uagqo-shard-00-02.ofgdpxv.mongodb.net:27017] INFO  org.mongodb.driver.cluster - Discovered replica set primary ac-l6uagqo-shard-00-02.ofgdpxv.mongodb.net:27017 with max election id 7fffffff0000000000000041 and max set version 25
23:08:52.414 [cluster-ClusterId{value='69569435f59681341601ebf5', description='Cluster0'}-ac-l6uagqo-shard-00-01.ofgdpxv.mongodb.net:27017] INFO  org.mongodb.driver.cluster - Monitor thread successfully connected to server with description ServerDescription{address=ac-l6uagqo-shard-00-01.ofgdpxv.mongodb.net:27017, type=REPLICA_SET_SECONDARY, state=CONNECTED, ok=true, minWireVersion=0, maxWireVersion=25, maxDocumentSize=16777216, logicalSessionTimeoutMinutes=30, roundTripTimeNanos=238039799, setName='atlas-nbt1cq-shard-0', canonicalAddress=ac-l6uagqo-shard-00-01.ofgdpxv.mongodb.net:27017, hosts=[ac-l6uagqo-shard-00-02.ofgdpxv.mongodb.net:27017, ac-l6uagqo-shard-00-01.ofgdpxv.mongodb.net:27017, ac-l6uagqo-shard-00-00.ofgdpxv.mongodb.net:27017], passives=[], arbiters=[], primary='ac-l6uagqo-shard-00-02.ofgdpxv.mongodb.net:27017', tagSet=TagSet{[Tag{name='availabilityZone', value='aps1-az3'}, Tag{name='diskState', value='READY'}, Tag{name='nodeType', value='ELECTABLE'}, Tag{name='provider', value='AWS'}, Tag{name='region', value='AP_SOUTH_1'}, Tag{name='workloadType', value='OPERATIONAL'}]}, electionId=null, setVersion=25, topologyVersion=TopologyVersion{processId=6942c658938e561306a68996, counter=3}, lastWriteDate=Thu Jan 01 23:08:50 IST 2026, lastUpdateTimeNanos=17026350671200}
